<?xml version="1.0" encoding="UTF-8"?>
<!-- Generated by org.testng.reporters.JUnitXMLReporter -->
<testsuite ignored="0" hostname="DESKTOP-RCDLJBO" failures="1" tests="3" name="Test" time="0.086" errors="0" timestamp="2024-09-26T18:22:23 IST">
  <testcase classname="Listeners.TestCasesL" name="passTestCase" time="0.012"/>
  <testcase classname="Listeners.TestCasesL" name="failedTestCase" time="0.016">
    <failure type="java.lang.AssertionError" message="expected [true] but found [false]">
      <![CDATA[java.lang.AssertionError: expected [true] but found [false]
at Listeners.TestCasesL.failedTestCase(TestCasesL.java:18)
at java.base/java.util.ArrayList.forEach(ArrayList.java:1511)
... Removed 31 stack frames]]>
    </failure>
  </testcase> <!-- failedTestCase -->
  <testcase classname="Listeners.TestCasesL" name="skippedTestCase" time="0.001">
    <skipped/>
  </testcase> <!-- skippedTestCase -->
</testsuite> <!-- Test -->
