<?xml version="1.0" encoding="UTF-8"?>
<!-- Generated by org.testng.reporters.JUnitXMLReporter -->
<testsuite ignored="0" hostname="DESKTOP-RCDLJBO" failures="0" tests="8" name="Test1" time="0.059" errors="0" timestamp="2024-09-23T18:21:01 IST">
  <testcase classname="Annotations.AnnotationDemoSuite1" name="testcase1" time="0.001"/>
  <testcase classname="Annotations.AnnotationDemoSuite1" name="testcase2" time="0.002"/>
  <testcase classname="Annotations.AnnotationDemoSuite1" name="testcase3" time="0.002"/>
  <testcase classname="Annotations.AnnotationDemoSuite1" name="testcase4" time="0.002"/>
  <testcase classname="Annotations.AnnotationDemoSuite2" name="testcase5" time="0.002"/>
  <testcase classname="Annotations.AnnotationDemoSuite2" name="testcase6" time="0.007"/>
  <testcase classname="Annotations.AnnotationDemoSuite2" name="testcase7" time="0.002"/>
  <testcase classname="Annotations.AnnotationDemoSuite2" name="testcase8" time="0.002"/>
</testsuite> <!-- Test1 -->
